Removed Pin From Net: NetName=OUT3 Pin=C1-1
Removed Pin From Net: NetName=OUT4 Pin=C2-1
Removed Pin From Net: NetName=OUT1 Pin=C3-1
Removed Pin From Net: NetName=OUT2 Pin=C4-1
Removed Pin From Net: NetName=IN4 Pin=C5-2
Removed Pin From Net: NetName=IN3 Pin=C6-1
Removed Pin From Net: NetName=IN2 Pin=C7-2
Removed Pin From Net: NetName=IN1 Pin=C8-1
Removed Pin From Net: NetName=OUT5 Pin=C9-1
Removed Pin From Net: NetName=OUT6 Pin=C10-1
Removed Pin From Net: NetName=IN6 Pin=C11-2
Removed Pin From Net: NetName=IN5 Pin=C12-1
Removed Pin From Net: NetName=OUT3 Pin=R1-2
Removed Pin From Net: NetName=OUT4 Pin=R2-2
Removed Pin From Net: NetName=OUT1 Pin=R3-2
Removed Pin From Net: NetName=OUT2 Pin=R5-2
Removed Pin From Net: NetName=OUT5 Pin=R13-2
Removed Pin From Net: NetName=OUT6 Pin=R14-2
Removed Pin From Net: NetName=IN4 Pin=U1-3
Removed Pin From Net: NetName=IN3 Pin=U1-5
Removed Pin From Net: NetName=IN2 Pin=U2-3
Removed Pin From Net: NetName=IN1 Pin=U2-5
Removed Pin From Net: NetName=IN6 Pin=U3-3
Removed Pin From Net: NetName=IN5 Pin=U3-5
Added Pin To Net: NetName=OUT4 Pin=C1-1
Added Pin To Net: NetName=OUT3 Pin=C2-1
Added Pin To Net: NetName=OUT2 Pin=C3-1
Added Pin To Net: NetName=OUT1 Pin=C4-1
Added Pin To Net: NetName=IN3 Pin=C5-2
Added Pin To Net: NetName=IN4 Pin=C6-1
Added Pin To Net: NetName=IN1 Pin=C7-2
Added Pin To Net: NetName=IN2 Pin=C8-1
Added Pin To Net: NetName=OUT6 Pin=C9-1
Added Pin To Net: NetName=OUT5 Pin=C10-1
Added Pin To Net: NetName=IN5 Pin=C11-2
Added Pin To Net: NetName=IN6 Pin=C12-1
Added Pin To Net: NetName=OUT4 Pin=R1-2
Added Pin To Net: NetName=OUT3 Pin=R2-2
Added Pin To Net: NetName=OUT2 Pin=R3-2
Added Pin To Net: NetName=OUT1 Pin=R5-2
Added Pin To Net: NetName=OUT6 Pin=R13-2
Added Pin To Net: NetName=OUT5 Pin=R14-2
Added Pin To Net: NetName=IN3 Pin=U1-3
Added Pin To Net: NetName=IN4 Pin=U1-5
Added Pin To Net: NetName=IN1 Pin=U2-3
Added Pin To Net: NetName=IN2 Pin=U2-5
Added Pin To Net: NetName=IN5 Pin=U3-3
Added Pin To Net: NetName=IN6 Pin=U3-5
