Removed Pin From Net: NetName=GND Pin=C8-1
Removed Pin From Net: NetName=IN1 Pin=C8-2
Removed Pin From Net: NetName=GND Pin=C12-1
Removed Pin From Net: NetName=IN5 Pin=C12-2
Removed Pin From Net: NetName=NetR2_1 Pin=R3-2
Removed Pin From Net: NetName=NetR2_1 Pin=R3-3
Removed Pin From Net: NetName=NetR4_1 Pin=R4-1
Removed Pin From Net: NetName=OUT1 Pin=R4-2
Change Component DesignItemId : Designator=R4 Old DesignItemId=RES-0603 New DesignItemId=RES-change-3362P
Change Component DesignItemId : Designator=R3 Old DesignItemId=RES-change-3362P New DesignItemId=RES-0603
Change Component Footprint: Designator=R4 Old Footprint=RES-0603 New Footprint=RES-change-3362P
Change Component Footprint: Designator=R3 Old Footprint=RES-change-3362P New Footprint=RES-0603
Change Component Comment : Designator=R4 Old Comment=RES-0603 New Comment=RES
Change Component Comment : Designator=R3 Old Comment=RES New Comment=RES-0603
Added Pin To Net: NetName=IN1 Pin=C8-1
Added Pin To Net: NetName=GND Pin=C8-2
Added Pin To Net: NetName=IN5 Pin=C12-1
Added Pin To Net: NetName=GND Pin=C12-2
Added Pin To Net: NetName=NetR4_1 Pin=R3-1
Added Pin To Net: NetName=OUT1 Pin=R3-2
Added Pin To Net: NetName=NetR2_1 Pin=R4-2
Added Pin To Net: NetName=NetR2_1 Pin=R4-3
Change Net Name : Old Net Name=NetR4_1 New Net Name=NetR3_1
Added Pin To Net: NetName=NetR4_1 Pin=R4-1
Added Pin To Net: NetName=NetR4_1 Pin=R8-2
Added Pin To Net: NetName=NetR4_1 Pin=U1-2
Added Net: Name=NetR4_1
